<?xml version="1.0" encoding="UTF-8"?>
<testsuite name="com.example.demo.DemoApplicationTests" tests="1" skipped="0" failures="0" errors="0" timestamp="2022-05-12T17:24:44" hostname="Nischals-MBP" time="0.245">
  <properties/>
  <testcase name="contextLoads()" classname="com.example.demo.DemoApplicationTests" time="0.245"/>
  <system-out><![CDATA[
  .   ____          _            __ _ _
 /\\ / ___'_ __ _ _(_)_ __  __ _ \ \ \ \
( ( )\___ | '_ | '_| | '_ \/ _` | \ \ \ \
 \\/  ___)| |_)| | | | | || (_| |  ) ) ) )
  '  |____| .__|_| |_|_| |_\__, | / / / /
 =========|_|==============|___/=/_/_/_/
 :: Spring Boot ::                (v2.4.2)

2022-05-12 13:24:43.651  INFO 28064 --- [    Test worker] c.e.d.DemoApplicationTests               : Starting DemoApplicationTests using Java 15.0.2 on Nischals-MBP with PID 28064 (started by rhaegar in /Users/rhaegar/Downloads/demo)
2022-05-12 13:24:43.659 DEBUG 28064 --- [    Test worker] c.e.d.DemoApplicationTests               : Running with Spring Boot v2.4.2, Spring v5.3.3
2022-05-12 13:24:43.659  INFO 28064 --- [    Test worker] c.e.d.DemoApplicationTests               : The following profiles are active: dev
2022-05-12 13:24:44.335  INFO 28064 --- [    Test worker] o.s.s.c.ThreadPoolTaskExecutor           : Initializing ExecutorService 'applicationTaskExecutor'
2022-05-12 13:24:44.502  INFO 28064 --- [    Test worker] c.e.d.DemoApplicationTests               : Started DemoApplicationTests in 1.085 seconds (JVM running for 1.964)
]]></system-out>
  <system-err><![CDATA[]]></system-err>
</testsuite>
